#! /c/iverilog/bin/vvp
:ivl_version "0.9.7 " "(v0_9_7)";
:vpi_time_precision + 0;
:vpi_module "system";
:vpi_module "v2005_math";
:vpi_module "va_math";
S_00914090 .scope module, "fulladd" "fulladd" 2 2;
 .timescale 0 0;
v00913F88_0 .net "a", 0 0, C4<0>; 1 drivers
v009147C8_0 .net "b", 0 0, C4<1>; 1 drivers
v00914820_0 .net "c", 0 0, L_00912FF8; 1 drivers
L_00912FF8 .arith/sum 1, C4<0>, C4<1>;
    .scope S_00914090;
T_0 ;
    %vpi_call 2 11 "$display", "heLloo", " ", v00914820_0;
    %end;
    .thread T_0;
# The file index is used to find the file name in the following table.
:file_names 3;
    "N/A";
    "<interactive>";
    "firstModule.v";
