#! /c/iverilog/bin/vvp
:ivl_version "0.9.7 " "(v0_9_7)";
:vpi_time_precision + 0;
:vpi_module "system";
:vpi_module "v2005_math";
:vpi_module "va_math";
S_01017F58 .scope module, "test_adder" "test_adder" 2 7;
 .timescale 0 0;
v01013DA8_0 .net "Cout", 0 0, L_0101EEA0; 1 drivers
v0101ED98_0 .var "a", 0 0;
v0101EDF0_0 .var "b", 0 0;
v0101EE48_0 .net "sum", 0 0, L_00F438C8; 1 drivers
S_01013368 .scope module, "H1" "half_adder" 2 11, 2 1, S_01017F58;
 .timescale 0 0;
L_0101EEA0 .functor AND 1, v0101EDF0_0, v0101ED98_0, C4<1>, C4<1>;
L_0101EF80 .functor XOR 1, v0101EDF0_0, v0101ED98_0, C4<0>, C4<0>;
L_00F438C8 .functor XOR 1, L_0101EF80, L_0101EEA0, C4<0>, C4<0>;
v010133F0_0 .alias "Cout", 0 0, v01013DA8_0;
v01013448_0 .net *"_s2", 0 0, L_0101EF80; 1 drivers
v01013CA0_0 .net "inA", 0 0, v0101EDF0_0; 1 drivers
v01013CF8_0 .net "inB", 0 0, v0101ED98_0; 1 drivers
v01013D50_0 .alias "sum", 0 0, v0101EE48_0;
    .scope S_01017F58;
T_0 ;
    %vpi_call 2 13 "$monitor", "half added ", v0101ED98_0, " and ", v0101EDF0_0, ":", v0101EE48_0;
    %set/v v0101ED98_0, 0, 1;
    %set/v v0101EDF0_0, 0, 1;
    %delay 20, 0;
    %set/v v0101ED98_0, 0, 1;
    %set/v v0101EDF0_0, 1, 1;
    %delay 20, 0;
    %set/v v0101ED98_0, 1, 1;
    %set/v v0101EDF0_0, 0, 1;
    %delay 10, 0;
    %set/v v0101ED98_0, 1, 1;
    %set/v v0101EDF0_0, 1, 1;
    %end;
    .thread T_0;
# The file index is used to find the file name in the following table.
:file_names 3;
    "N/A";
    "<interactive>";
    "half_adder.v";
